Build started 19.05.2014 2:56:40.
     1>Project "C:\Users\Alex\Desktop\Final\FinalAssingmentZaytsev\FinalAssingmentZaytsev\FinalAssingmentZaytsev.vcxproj" on node 2 (Build target(s)).
     1>ClCompile:
         C:\СофтИнсталед\VisualStudioLast\VC\bin\CL.exe /c /ZI /nologo /W3 /WX- /Od /Oy- /D WIN32 /D _DEBUG /D _CONSOLE /D _UNICODE /D UNICODE /Gm /EHsc /RTC1 /MDd /GS /fp:precise /Zc:wchar_t /Zc:forScope /Fo"Debug\\" /Fd"Debug\vc110.pdb" /Gd /TC /analyze- /errorReport:prompt 5_Report.c 6_Report2.c
         6_Report2.c
     1>c:\users\alex\desktop\final\finalassingmentzaytsev\finalassingmentzaytsev\6_report2.c(14): warning C4996: 'fopen': This function or variable may be unsafe. Consider using fopen_s instead. To disable deprecation, use _CRT_SECURE_NO_WARNINGS. See online help for details.
                 c:\софтинсталед\visualstudiolast\vc\include\stdio.h(218) : see declaration of 'fopen'
     1>c:\users\alex\desktop\final\finalassingmentzaytsev\finalassingmentzaytsev\6_report2.c(11): warning C4101: 'ptr' : unreferenced local variable
     1>c:\users\alex\desktop\final\finalassingmentzaytsev\finalassingmentzaytsev\6_report2.c(10): warning C4101: 'input' : unreferenced local variable
         5_Report.c
     1>c:\users\alex\desktop\final\finalassingmentzaytsev\finalassingmentzaytsev\5_report.c(14): warning C4996: 'fopen': This function or variable may be unsafe. Consider using fopen_s instead. To disable deprecation, use _CRT_SECURE_NO_WARNINGS. See online help for details.
                 c:\софтинсталед\visualstudiolast\vc\include\stdio.h(218) : see declaration of 'fopen'
     1>c:\users\alex\desktop\final\finalassingmentzaytsev\finalassingmentzaytsev\5_report.c(11): warning C4101: 'ptr' : unreferenced local variable
         Generating Code...
       Link:
         C:\СофтИнсталед\VisualStudioLast\VC\bin\link.exe /ERRORREPORT:PROMPT /OUT:"C:\Users\Alex\Desktop\Final\FinalAssingmentZaytsev\Debug\FinalAssingmentZaytsev.exe" /INCREMENTAL /NOLOGO kernel32.lib user32.lib gdi32.lib winspool.lib comdlg32.lib advapi32.lib shell32.lib ole32.lib oleaut32.lib uuid.lib odbc32.lib odbccp32.lib /MANIFEST /MANIFESTUAC:"level='asInvoker' uiAccess='false'" /manifest:embed /DEBUG /PDB:"C:\Users\Alex\Desktop\Final\FinalAssingmentZaytsev\Debug\FinalAssingmentZaytsev.pdb" /SUBSYSTEM:CONSOLE /TLBID:1 /DYNAMICBASE /NXCOMPAT /IMPLIB:"C:\Users\Alex\Desktop\Final\FinalAssingmentZaytsev\Debug\FinalAssingmentZaytsev.lib" /MACHINE:X86 "Debug\1_Initialization(delete).obj"
         Debug\2_PictureRecords.obj
         Debug\3_PrintPictures.obj
         Debug\4.addNewPicture.obj
         Debug\4_removePicture.obj
         Debug\5_Report.obj
         Debug\6_Report2.obj
         Debug\main.obj
         Debug\menu.obj
         FinalAssingmentZaytsev.vcxproj -> C:\Users\Alex\Desktop\Final\FinalAssingmentZaytsev\Debug\FinalAssingmentZaytsev.exe
     1>Done Building Project "C:\Users\Alex\Desktop\Final\FinalAssingmentZaytsev\FinalAssingmentZaytsev\FinalAssingmentZaytsev.vcxproj" (Build target(s)).

Build succeeded.

Time Elapsed 00:00:00.56
